libaums/build/intermediates/manifest_merge_blame_file/debug/manifest-merger-blame-debug-report.txt
1<?xml version="1.0" encoding="utf-8"?>
2<!--
3/**
4 * (C) Copyright 2014 mjahnen <jahnen@in.tum.de>
5 *
6 * Licensed under the Apache License, Version 2.0 (the "License");
7 * you may not use this file except in compliance with the License.
8 * You may obtain a copy of the License at
9 *
10 *     http://www.apache.org/licenses/LICENSE-2.0
11 *
12 * Unless required by applicable law or agreed to in writing, software
13 * distributed under the License is distributed on an "AS IS" BASIS,
14 * WITHOUT WARRANTIES OR CONDITIONS OF ANY KIND, either express or implied.
15 * See the License for the specific language governing permissions and
16 * limitations under the License.
17 */
18-->
19<manifest xmlns:android="http://schemas.android.com/apk/res/android"
20    package="com.github.mjdev.libaums"
21    android:versionCode="1"
22    android:versionName="1.0" >
23
24    <uses-sdk
25        android:minSdkVersion="16"
25-->src/main/AndroidManifest.xml
26        android:targetSdkVersion="25" />
26-->src/main/AndroidManifest.xml
27
28</manifest>